1553896038700:hell
1553896040974:hello
1554036948481:results
1554036968115:yes
1554037045419:results
1554037079308:yes
1554037106605:no
1554037111022:results
1554147058645:hello
1554147070948:yes
1554147073798:no
1554147080252:results
1554229353137:yes
1554229355357:no
1554229359495:results
1554229365118:result
1554229376163:reset
1554229881224:result
1554229886517:results
1554229921465:yes
1554230115376:results
1554230233495:yes
1554230235521:no
1554230239945:results
1554232129210:reset
1554232133066:results
1554232141345:yes
1554232143972:no
1554232497577:result
1554232501771:results
1554232564223:reset
1554232567011:yes
1554232568279:no
1554232570476:results
1554232576077:yes
1554232577504:no
1554232591214:yes
1554232875613:results
1554232909971:reset
1554233042589:results
1554233181419:reset
1554233970360:yes
1554234182513:no
1554234185094:results
1554234188984:reset
1554234194601:id
1554240615964:yes
1554240618918:no
1554496433454:results
1554496441106:yes
1554496444635:results
1554496750144:yes
1554496752040:no
1554496756492:results
